{"level":"error","message":"get cart fail "}
{"level":"error","message":"post product in cart fail "}
{"level":"error","message":"invalid cart view"}
{"level":"error","message":"post product in cart fail "}
{"level":"error","message":"post product in cart fail "}
{"level":"error","message":"post forgotuser fail "}
{"level":"error","message":{"estado":"error","tipo":"NOT_FOUND"}}
{"level":"error","message":"post forgotuser fail invalid expiresIn option for string payload"}
{"level":"error","message":{"estado":"error"}}
{"level":"error","message":"post forgotuser fail invalid expiresIn option for string payload"}
{"level":"error","message":{"estado":"error"}}
{"level":"error","message":"post forgotuser fail "}
{"level":"error","message":{"estado":"error","tipo":"NOT_FOUND"}}
{"level":"error","message":"post forgotuser fail "}
{"level":"error","message":{"estado":"error","tipo":"AUTHENTICATION_ERROR"}}
{"level":"error","message":"post forgotuser fail "}
{"level":"error","message":{"estado":"error","tipo":"AUTHENTICATION_ERROR"}}
{"level":"error","message":"post forgotuser fail "}
{"level":"error","message":{"estado":"error","tipo":"AUTHENTICATION_ERROR"}}
{"level":"error","message":"post forgotuser fail "}
{"level":"error","message":{"estado":"error","tipo":"AUTHENTICATION_ERROR"}}
{"level":"error","message":"post forgotuser fail "}
{"level":"error","message":{"estado":"error","tipo":"AUTHENTICATION_ERROR"}}
{"level":"error","message":"post forgotuser fail "}
{"level":"error","message":{"estado":"error","tipo":"AUTHENTICATION_ERROR"}}
{"level":"error","message":"get product by code fail "}
{"level":"error","message":{"estado":"error","tipo":"NOT_FOUND"}}
{"level":"error","message":"post product fail "}
{"level":"error","message":{"estado":"error","tipo":"INVALID_ARGUMENT"}}
{"level":"error","message":{"description":"Authentication Error","estado":"error","tipo":"AUTHENTICATION_ERROR"}}